[25/Mar/2026 12:27:32] "GET / HTTP/1.1" 302 0
[25/Mar/2026 12:27:32,918] - Broken pipe from ('127.0.0.1', 51765)
[25/Mar/2026 12:28:00] "HEAD /login/ HTTP/1.1" 200 0
[25/Mar/2026 12:28:01] "HEAD / HTTP/1.1" 302 0
[25/Mar/2026 12:29:07] "GET / HTTP/1.1" 302 0
[25/Mar/2026 12:29:07] "GET /login/?next=/ HTTP/1.1" 200 18766
[25/Mar/2026 12:29:07] "GET /static/img/logo-istul.png HTTP/1.1" 404 179
[25/Mar/2026 12:29:07] "GET /static/img/Libertad.png?v=20260320c HTTP/1.1" 404 179
[25/Mar/2026 12:29:07] "GET /favicon.ico HTTP/1.1" 404 179
[25/Mar/2026 12:29:24] "GET / HTTP/1.1" 302 0
[25/Mar/2026 12:29:24] "GET /login/?next=/ HTTP/1.1" 200 18766
[25/Mar/2026 12:29:24] "GET /static/img/logo-istul.png HTTP/1.1" 404 179
[25/Mar/2026 12:29:24] "GET /static/img/Libertad.png?v=20260320c HTTP/1.1" 404 179
[25/Mar/2026 12:29:25] "GET / HTTP/1.1" 302 0
[25/Mar/2026 12:29:25] "GET /login/?next=/ HTTP/1.1" 200 18766
[25/Mar/2026 12:29:25] "GET /static/img/logo-istul.png HTTP/1.1" 404 179
[25/Mar/2026 12:29:25] "GET /static/img/Libertad.png?v=20260320c HTTP/1.1" 404 179
[25/Mar/2026 12:29:45] "POST /login/?next=/ HTTP/1.1" 302 0
[25/Mar/2026 12:29:45] "GET / HTTP/1.1" 200 28148
[25/Mar/2026 12:29:45] "GET /static/img/logo-istul.png HTTP/1.1" 404 179
[25/Mar/2026 12:29:48] "GET /formulaciones/ HTTP/1.1" 200 27743
[25/Mar/2026 12:29:48] "GET /static/img/logo-istul.png HTTP/1.1" 404 179
[25/Mar/2026 12:29:49] "GET /documentacion/ HTTP/1.1" 200 17121
[25/Mar/2026 12:29:49] "GET /static/img/logo-istul.png HTTP/1.1" 404 179
[25/Mar/2026 12:29:49] "GET /calculadora/ HTTP/1.1" 200 14400
[25/Mar/2026 12:29:49] "GET /static/img/logo-istul.png HTTP/1.1" 404 179
[25/Mar/2026 12:29:50] "GET /documentacion/ HTTP/1.1" 200 17121
[25/Mar/2026 12:29:50] "GET /static/img/logo-istul.png HTTP/1.1" 404 179
[25/Mar/2026 12:29:52] "GET /documentacion/nuevo/ HTTP/1.1" 200 16013
[25/Mar/2026 12:29:52] "GET /static/img/logo-istul.png HTTP/1.1" 404 179
[25/Mar/2026 12:34:32] "GET /documentacion/nuevo/ HTTP/1.1" 200 24053
[25/Mar/2026 12:34:32] "GET /static/img/logo-istul.png HTTP/1.1" 404 179
[25/Mar/2026 12:34:59] "GET /usuarios/ HTTP/1.1" 200 16020
[25/Mar/2026 12:34:59] "GET /static/img/logo-istul.png HTTP/1.1" 404 179
[25/Mar/2026 12:35:00] "POST /logout/ HTTP/1.1" 302 0
[25/Mar/2026 12:35:00] "GET /login/ HTTP/1.1" 200 18766
[25/Mar/2026 12:35:00] "GET /static/img/logo-istul.png HTTP/1.1" 404 179
[25/Mar/2026 12:35:00] "GET /static/img/Libertad.png?v=20260320c HTTP/1.1" 404 179
[25/Mar/2026 12:36:44] "GET /login/ HTTP/1.1" 200 18766
[25/Mar/2026 12:36:44] "GET /static/img/logo-istul.png HTTP/1.1" 404 179
[25/Mar/2026 12:36:44] "GET /static/img/Libertad.png?v=20260320c HTTP/1.1" 404 179
[25/Mar/2026 12:36:53] "GET /login/ HTTP/1.1" 200 18766
[25/Mar/2026 12:36:53] "GET /static/img/logo-istul.png HTTP/1.1" 404 179
[25/Mar/2026 12:36:53] "GET /static/img/Libertad.png?v=20260320c HTTP/1.1" 404 179
[25/Mar/2026 12:37:01] "GET / HTTP/1.1" 302 0
[25/Mar/2026 12:37:01] "GET /login/?next=/ HTTP/1.1" 200 18766
[25/Mar/2026 12:37:01] "GET /static/img/logo-istul.png HTTP/1.1" 404 179
[25/Mar/2026 12:37:01] "GET /static/img/logo-istul.png HTTP/1.1" 404 179
[25/Mar/2026 12:37:01] "GET /static/img/Libertad.png?v=20260320c HTTP/1.1" 404 179
[25/Mar/2026 12:37:51] "GET /login/?next=/ HTTP/1.1" 200 18766
[25/Mar/2026 12:37:51] "GET /static/img/logo-istul.png HTTP/1.1" 404 179
[25/Mar/2026 12:37:51] "GET /static/img/Libertad.png?v=20260320c HTTP/1.1" 404 179
[25/Mar/2026 12:37:52] "GET /login/?next=/ HTTP/1.1" 200 18766
[25/Mar/2026 12:37:52] "GET /static/img/logo-istul.png HTTP/1.1" 404 179
[25/Mar/2026 12:37:52] "GET /static/img/Libertad.png?v=20260320c HTTP/1.1" 404 179
[25/Mar/2026 12:47:05] "GET /login/?next=/ HTTP/1.1" 200 18412
[25/Mar/2026 12:47:14] "POST /login/?next=/ HTTP/1.1" 302 0
[25/Mar/2026 12:47:14] "GET / HTTP/1.1" 200 28167
[25/Mar/2026 12:47:19] "GET /formulaciones/ HTTP/1.1" 200 27747
[25/Mar/2026 12:47:22] "GET /documentacion/ HTTP/1.1" 200 32125
[25/Mar/2026 12:47:23] "GET /usuarios/ HTTP/1.1" 200 16024
[25/Mar/2026 12:47:24] "GET /alertas/ HTTP/1.1" 200 79276
[25/Mar/2026 12:47:25] "GET /usuarios/ HTTP/1.1" 200 16024
[25/Mar/2026 12:47:28] "GET /alertas/ HTTP/1.1" 200 79276
[25/Mar/2026 12:47:32] "GET /usuarios/historial/ HTTP/1.1" 200 15506
[25/Mar/2026 12:47:38] "GET /formulaciones/ HTTP/1.1" 200 27747
[25/Mar/2026 12:47:39] "GET /documentacion/ HTTP/1.1" 200 32125
[25/Mar/2026 12:47:47] "GET /documentacion/?q=&tipo=&formulacion=&materia_prima= HTTP/1.1" 200 32125
[25/Mar/2026 12:47:48] "GET /documentacion/nuevo/ HTTP/1.1" 200 24064
[25/Mar/2026 12:47:50] "GET /documentacion/ HTTP/1.1" 200 32125
